/*C5*/SET SCHEMA PUBLIC
INSERT INTO USER VALUES(NULL,'Lilly','Athone')
COMMIT
/*C6*/SET SCHEMA PUBLIC
DISCONNECT
/*C5*/DISCONNECT
/*C7*/SET SCHEMA PUBLIC
INSERT INTO USER VALUES(NULL,'Lilly','Athone')
COMMIT
DISCONNECT
/*C8*/SET SCHEMA PUBLIC
DISCONNECT
/*C9*/SET SCHEMA PUBLIC
INSERT INTO USER VALUES(NULL,'Lilly','Athone')
COMMIT
/*C10*/SET SCHEMA PUBLIC
DISCONNECT
/*C9*/DISCONNECT
/*C11*/SET SCHEMA PUBLIC
INSERT INTO USER VALUES(NULL,'Lilly','Athone')
COMMIT
/*C12*/SET SCHEMA PUBLIC
DISCONNECT
/*C11*/DISCONNECT
/*C13*/SET SCHEMA PUBLIC
INSERT INTO USER VALUES(NULL,'Lilly','Athone')
COMMIT
DISCONNECT
/*C14*/SET SCHEMA PUBLIC
DISCONNECT
/*C15*/SET SCHEMA PUBLIC
INSERT INTO USER VALUES(NULL,'Lilly','Athone')
COMMIT
/*C16*/SET SCHEMA PUBLIC
DISCONNECT
/*C15*/DISCONNECT
/*C18*/SET SCHEMA PUBLIC
DELETE FROM USER WHERE ID IS NULL AND NAME='john' AND ADDRESS='roscommon'
DELETE FROM USER WHERE ID IS NULL AND NAME='john' AND ADDRESS='athlone'
DELETE FROM USER WHERE ID IS NULL AND NAME='john' AND ADDRESS='dublin'
DELETE FROM USER WHERE ID IS NULL AND NAME='john' AND ADDRESS='athlone'
DELETE FROM USER WHERE ID IS NULL AND NAME='john' AND ADDRESS='dublin'
DELETE FROM USER WHERE ID IS NULL AND NAME='john' AND ADDRESS='athlone'
DELETE FROM USER WHERE ID IS NULL AND NAME='john' AND ADDRESS='dublin'
DELETE FROM USER WHERE ID IS NULL AND NAME='john' AND ADDRESS='athlone'
COMMIT
DISCONNECT
/*C17*/SET SCHEMA PUBLIC
DISCONNECT
/*C19*/SET SCHEMA PUBLIC
DISCONNECT
/*C20*/SET SCHEMA PUBLIC
DISCONNECT
/*C21*/SET SCHEMA PUBLIC
DISCONNECT
/*C22*/SET SCHEMA PUBLIC
DISCONNECT
/*C23*/SET SCHEMA PUBLIC
DISCONNECT
/*C24*/SET SCHEMA PUBLIC
DISCONNECT
/*C25*/SET SCHEMA PUBLIC
DISCONNECT
/*C26*/SET SCHEMA PUBLIC
DISCONNECT
/*C27*/SET SCHEMA PUBLIC
DISCONNECT
/*C28*/SET SCHEMA PUBLIC
DISCONNECT
/*C29*/SET SCHEMA PUBLIC
DISCONNECT
/*C30*/SET SCHEMA PUBLIC
DISCONNECT
/*C4*/SET SCHEMA PUBLIC
DISCONNECT
